<?xml version="1.0" encoding="UTF-8"?>
<testng-results ignored="0" total="1" passed="1" failed="0" skipped="0">
  <reporter-output>
  </reporter-output>
  <suite started-at="2024-06-14T13:12:00 SAST" name="Default suite" finished-at="2024-06-14T13:12:13 SAST" duration-ms="13560">
    <groups>
    </groups>
    <test started-at="2024-06-14T13:12:00 SAST" name="Default test" finished-at="2024-06-14T13:12:13 SAST" duration-ms="13560">
      <class name="demopkg.Democlstest">
        <test-method signature="Login()[pri:0, instance:demopkg.Democlstest@52af26ee]" started-at="2024-06-14T13:12:00 SAST" name="Login" finished-at="2024-06-14T13:12:13 SAST" duration-ms="13473" status="PASS">
          <reporter-output>
          </reporter-output>
        </test-method> <!-- Login -->
      </class> <!-- demopkg.Democlstest -->
    </test> <!-- Default test -->
  </suite> <!-- Default suite -->
</testng-results>
